resnet50
stream_num 2
node_to_chain 107
0 0 0 0 0 0 0 0 0 0 0 0 0 0 0 0 0 0 0 0 0 0 0 0 0 0 0 0 0 0 0 0 0 0 0 0 0 0 0 0 0 0 0 0 0 0 0 0 0 0 0 0 0 0 0 0 0 0 0 0 0 0 0 0 0 0 0 0 0 0 0 0 0 0 0 0 0 0 0 0 0 0 0 0 0 0 0 0 0 0 0 0 0 0 0 0 0 0 0 0 0 0 0 1 2 3 4 
chain_to_stream 5
0 1 1 1 1 
completed insert_autostream_hooks
completed reset_node_id
              mean (ms)  stdev (ms)
nimble-multi  29.363285    0.433789
resnet101
stream_num 2
node_to_chain 209
0 0 0 0 0 0 0 0 0 0 0 0 0 0 0 0 0 0 0 0 0 0 0 0 0 0 0 0 0 0 0 0 0 0 0 0 0 0 0 0 0 0 0 0 0 0 0 0 0 0 0 0 0 0 0 0 0 0 0 0 0 0 0 0 0 0 0 0 0 0 0 0 0 0 0 0 0 0 0 0 0 0 0 0 0 0 0 0 0 0 0 0 0 0 0 0 0 0 0 0 0 0 0 0 0 0 0 0 0 0 0 0 0 0 0 0 0 0 0 0 0 0 0 0 0 0 0 0 0 0 0 0 0 0 0 0 0 0 0 0 0 0 0 0 0 0 0 0 0 0 0 0 0 0 0 0 0 0 0 0 0 0 0 0 0 0 0 0 0 0 0 0 0 0 0 0 0 0 0 0 0 0 0 0 0 0 0 0 0 0 0 0 0 0 0 0 0 0 0 0 0 0 0 0 0 1 2 3 4 
chain_to_stream 5
0 1 1 1 1 
completed insert_autostream_hooks
completed reset_node_id
              mean (ms)  stdev (ms)
nimble-multi  49.444856    0.578594
inception_v3
stream_num 2
node_to_chain 177
0 0 0 0 0 0 0 0 0 0 0 0 1 0 2 0 3 0 4 0 5 0 6 0 7 0 8 0 9 10 11 0 12 0 13 0 0 0 0 0 0 14 15 16 17 18 0 0 0 0 0 0 19 20 21 22 23 24 25 26 0 0 0 0 0 0 27 28 29 0 0 0 0 0 0 0 30 31 32 33 34 35 0 0 0 0 0 0 0 0 0 36 37 38 39 40 41 42 0 0 0 0 0 0 0 0 0 43 44 45 46 47 48 49 0 0 0 0 0 0 0 0 0 50 51 52 53 54 55 56 0 0 0 0 0 0 0 0 0 57 58 0 0 0 0 0 59 60 61 62 0 0 0 0 0 63 64 65 66 67 0 0 0 0 0 68 69 70 71 72 0 0 0 0 0 73 74 
chain_to_stream 75
0 1 1 1 1 1 1 1 1 1 1 1 1 1 1 1 1 1 1 1 1 1 1 1 1 1 1 1 1 1 1 1 1 1 1 1 1 1 1 1 1 1 1 1 1 1 1 1 1 1 1 1 1 1 1 1 1 1 1 1 1 1 1 1 1 1 1 1 1 1 1 1 1 1 1 
completed insert_autostream_hooks
completed reset_node_id
              mean (ms)  stdev (ms)
nimble-multi  51.690789    0.771096
mobilenet_v2
stream_num 1
node_to_chain 109
0 0 0 0 0 0 0 0 0 0 0 0 0 0 0 0 0 0 0 0 0 0 0 0 0 0 0 0 0 0 0 0 0 0 0 0 0 0 0 0 0 0 0 0 0 0 0 0 0 0 0 0 0 0 0 0 0 0 0 0 0 0 0 0 0 0 0 0 0 0 0 0 0 0 0 0 0 0 0 0 0 0 0 0 0 0 0 0 0 0 0 0 0 0 0 0 0 0 0 0 0 0 0 0 0 0 0 0 0 
chain_to_stream 1
0 
completed insert_autostream_hooks
completed reset_node_id
              mean (ms)  stdev (ms)
nimble-multi   8.597211    0.229142
nasnetamobile
efficientnet_b0
stream_num 1
node_to_chain 182
0 0 0 0 0 0 0 0 0 0 0 0 0 0 0 0 0 0 0 0 0 0 0 0 0 0 0 0 0 0 0 0 0 0 0 0 0 0 0 0 0 0 0 0 0 0 0 0 0 0 0 0 0 0 0 0 0 0 0 0 0 0 0 0 0 0 0 0 0 0 0 0 0 0 0 0 0 0 0 0 0 0 0 0 0 0 0 0 0 0 0 0 0 0 0 0 0 0 0 0 0 0 0 0 0 0 0 0 0 0 0 0 0 0 0 0 0 0 0 0 0 0 0 0 0 0 0 0 0 0 0 0 0 0 0 0 0 0 0 0 0 0 0 0 0 0 0 0 0 0 0 0 0 0 0 0 0 0 0 0 0 0 0 0 0 0 0 0 0 0 0 0 0 0 0 0 0 0 0 0 0 0 
chain_to_stream 1
0 
completed insert_autostream_hooks
completed reset_node_id
              mean (ms)  stdev (ms)
nimble-multi  13.251117    0.254112
efficientnet_b5
stream_num 1
node_to_chain 431
0 0 0 0 0 0 0 0 0 0 0 0 0 0 0 0 0 0 0 0 0 0 0 0 0 0 0 0 0 0 0 0 0 0 0 0 0 0 0 0 0 0 0 0 0 0 0 0 0 0 0 0 0 0 0 0 0 0 0 0 0 0 0 0 0 0 0 0 0 0 0 0 0 0 0 0 0 0 0 0 0 0 0 0 0 0 0 0 0 0 0 0 0 0 0 0 0 0 0 0 0 0 0 0 0 0 0 0 0 0 0 0 0 0 0 0 0 0 0 0 0 0 0 0 0 0 0 0 0 0 0 0 0 0 0 0 0 0 0 0 0 0 0 0 0 0 0 0 0 0 0 0 0 0 0 0 0 0 0 0 0 0 0 0 0 0 0 0 0 0 0 0 0 0 0 0 0 0 0 0 0 0 0 0 0 0 0 0 0 0 0 0 0 0 0 0 0 0 0 0 0 0 0 0 0 0 0 0 0 0 0 0 0 0 0 0 0 0 0 0 0 0 0 0 0 0 0 0 0 0 0 0 0 0 0 0 0 0 0 0 0 0 0 0 0 0 0 0 0 0 0 0 0 0 0 0 0 0 0 0 0 0 0 0 0 0 0 0 0 0 0 0 0 0 0 0 0 0 0 0 0 0 0 0 0 0 0 0 0 0 0 0 0 0 0 0 0 0 0 0 0 0 0 0 0 0 0 0 0 0 0 0 0 0 0 0 0 0 0 0 0 0 0 0 0 0 0 0 0 0 0 0 0 0 0 0 0 0 0 0 0 0 0 0 0 0 0 0 0 0 0 0 0 0 0 0 0 0 0 0 0 0 0 0 0 0 0 0 0 0 0 0 0 0 0 0 0 0 0 0 0 0 0 0 0 0 0 0 0 0 0 0 0 0 0 0 0 0 0 0 0 0 0 0 0 0 0 0 0 0 0 0 0 0 0 0 0 0 0 0 0 0 0 0 0 0 0 0 0 0 0 
chain_to_stream 1
0 
completed insert_autostream_hooks
completed reset_node_id
               mean (ms)  stdev (ms)
nimble-multi  194.255616    0.896451
darts
stream_num 2
node_to_chain 453
0 0 0 0 1 0 0 0 0 0 0 0 0 0 0 0 0 0 0 2 3 4 5 6 0 0 0 0 0 0 0 7 8 9 10 11 0 0 0 0 0 0 0 12 13 14 15 16 0 0 0 0 0 0 0 0 0 0 0 0 0 0 0 0 0 0 0 0 0 0 0 0 17 18 19 20 21 0 0 0 0 0 0 0 22 23 24 25 26 0 0 0 0 0 0 0 27 28 29 30 31 0 0 0 0 0 0 0 0 0 0 0 0 0 0 0 0 0 0 0 0 0 0 0 0 32 33 34 35 36 0 0 0 0 0 0 0 37 38 39 40 41 0 0 0 0 0 0 0 42 43 44 45 46 0 0 0 0 0 0 0 0 0 0 47 48 49 50 51 0 0 0 0 0 0 0 0 0 0 0 52 53 54 55 56 57 58 59 60 61 0 0 0 0 0 0 0 0 0 0 0 62 63 64 65 66 67 68 69 70 71 72 0 0 0 0 0 0 0 0 0 0 0 73 74 75 76 77 78 79 80 81 82 83 84 85 86 87 88 89 90 91 92 93 94 95 96 97 98 99 100 101 102 103 104 105 106 107 108 109 110 111 112 0 0 0 0 0 0 0 0 0 0 0 113 114 115 116 117 118 119 120 121 122 123 124 125 0 0 0 0 0 0 0 0 0 0 0 126 127 128 129 130 131 132 133 134 135 136 0 0 0 0 0 0 0 0 0 0 0 137 138 139 140 141 142 143 144 145 146 147 148 149 150 151 152 153 154 155 156 157 158 159 160 161 162 163 164 165 166 167 168 169 170 171 172 173 174 175 176 0 0 0 0 0 0 0 0 0 0 0 177 178 179 180 181 182 183 184 185 186 187 188 189 0 0 0 0 0 0 0 0 0 0 0 190 191 192 193 194 195 196 197 198 199 200 0 0 0 0 0 0 0 0 0 0 0 201 202 203 204 205 206 207 208 209 210 211 0 0 0 0 0 212 213 214 215 216 217 218 219 220 221 222 223 224 225 226 227 228 229 230 231 
chain_to_stream 232
0 1 1 1 1 1 1 1 1 1 1 1 1 1 1 1 1 1 1 1 1 1 1 1 1 1 1 1 1 1 1 1 1 1 1 1 1 1 1 1 1 1 1 1 1 1 1 1 1 1 1 1 1 1 1 1 1 1 1 1 1 1 1 1 1 1 1 1 1 1 1 1 1 1 1 1 1 1 1 1 1 1 1 1 1 1 1 1 1 1 1 1 1 1 1 1 1 1 1 1 1 1 1 1 1 1 1 1 1 1 1 1 1 1 1 1 1 1 1 1 1 1 1 1 1 1 1 1 1 1 1 1 1 1 1 1 1 1 1 1 1 1 1 1 1 1 1 1 1 1 1 1 1 1 1 1 1 1 1 1 1 1 1 1 1 1 1 1 1 1 1 1 1 1 1 1 1 1 1 1 1 1 1 1 1 1 1 1 1 1 1 1 1 1 1 1 1 1 1 1 1 1 1 1 1 1 1 1 1 1 1 1 1 1 1 1 1 1 1 1 1 1 1 1 1 1 1 1 1 1 1 1 
completed insert_autostream_hooks
completed reset_node_id
              mean (ms)  stdev (ms)
nimble-multi   11.18859    0.293535
amoebanet
linear
stream_num 1
node_to_chain 14
0 0 0 0 0 0 0 0 0 0 0 0 0 0 
chain_to_stream 1
0 
completed insert_autostream_hooks
completed reset_node_id
              mean (ms)  stdev (ms)
nimble-multi  68.894564    1.347539
branched
stream_num 2
node_to_chain 50
0 0 0 0 0 0 0 0 0 0 0 0 0 0 1 2 3 4 5 6 7 8 9 10 11 12 13 14 15 16 17 18 19 20 21 22 23 24 25 26 27 28 29 30 31 32 33 34 35 36 
chain_to_stream 37
0 1 1 1 1 1 1 1 1 1 1 1 1 1 1 1 1 1 1 1 1 1 1 1 1 1 1 1 1 1 1 1 1 1 1 1 1 
completed insert_autostream_hooks
completed reset_node_id
               mean (ms)  stdev (ms)
nimble-multi  152.289623    0.938416
