branched
1
nimble-multi   0.421576    0.008225
nimble   0.367156    0.007417
2
nimble-multi   0.448004    0.014817
nimble   0.663713    0.095567
3
nimble-multi   0.612991    0.017891
nimble   0.637534    0.004368
4
nimble-multi   0.798039    0.015181
nimble   0.827115    0.009232
5
nimble-multi   0.988076    0.005799
nimble   1.019798    0.006415
6
nimble-multi    1.18061    0.008201
nimble   1.403616    0.030712
7
nimble-multi     1.3957    0.133734
nimble   1.399691    0.004033
8
nimble-multi   1.329124    0.048746
nimble   1.528103    0.014216
9
nimble-multi   1.746963    0.011357
nimble   1.773218    0.009501
10
nimble-multi    1.94128    0.046296
nimble   1.975263    0.075221
11
nimble-multi   2.593017     0.03599
nimble   2.153668    0.016447
12
nimble-multi   2.663995     0.16227
nimble   3.093063    0.147396
13
nimble-multi   2.586425    0.035868
nimble   2.880219    0.024818
14
nimble-multi   2.798932    0.170262
nimble   2.899781    0.143317
15
nimble-multi   3.220037     0.16379
nimble   2.928674    0.037557
16
nimble-multi   2.140519    0.148375
nimble   2.402994    0.152615
17
nimble-multi   3.240069    0.028273
nimble   3.669541    0.161021
18
nimble-multi   3.441106    0.159799
nimble   3.981244     0.05207
19
nimble-multi   3.606125    0.031264
nimble   4.997231    0.035362
20
nimble-multi    3.80725    0.160823
nimble   3.867865    0.187547
