branched
1
nimble-multi   6.155545    0.203513
nimble   6.498858    0.073823
2
nimble-multi   8.187571    0.156253
nimble   8.283666     0.21448
3
nimble-multi  11.058371    0.351983
nimble  11.381701    0.213031
4
nimble-multi  13.864179    0.300785
nimble  13.960884    0.341786
5
nimble-multi  17.896252    0.369171
nimble  18.234206     0.26792
6
nimble-multi  20.679328    0.372849
nimble  20.912127    0.286714
7
nimble-multi  25.896132    0.407158
nimble  23.778866    0.348496
8
nimble-multi  12.156122    0.295947
nimble   13.16029    0.268491
9
nimble-multi   28.30395    0.403373
nimble  29.038016    0.430619
10
nimble-multi  29.901669    0.401242
nimble   32.10399     0.42446
11
nimble-multi  33.127652    0.460519
nimble  31.553716    0.526458
12
nimble-multi  31.939877    0.440196
nimble  32.859149    0.603624
13
