branched
1
nimble-multi   6.127402    0.174418
nimble   6.551529    0.161466
2
nimble-multi   7.927675    0.154345
nimble   8.288868    0.259887
3
nimble-multi  10.922345     0.26329
nimble  11.346566    0.253886
4
nimble-multi  13.520251    0.266321
nimble  13.920784     0.31721
5
nimble-multi   17.78914    0.306997
nimble  18.140689    0.275124
6
nimble-multi  20.549927    0.415766
nimble  20.927084    0.365621
7
nimble-multi  23.286585    0.352335
nimble  25.957019    0.369167
8
nimble-multi   11.61565     0.26393
nimble  13.128109    0.282393
9
nimble-multi  28.451242     0.41224
nimble  29.144636    0.476379
10
nimble-multi  29.154981    0.413416
nimble  29.858195    0.376611
11
nimble-multi  31.006556    0.471097
nimble  31.599173    0.442709
12
nimble-multi  32.061242    0.451748
nimble  32.826953    0.447239
13
nimble-multi  33.327115      0.4463
nimble  34.053112    0.467637
14
nimble-multi  34.717239    0.593847
nimble  34.944351    0.459282
15
nimble-multi  35.830402    0.551508
nimble  36.645617    0.499348
16
nimble-multi   17.46487    0.333313
nimble  18.837679    0.321521
17
nimble-multi  38.772618    0.626043
nimble  39.385232    0.496464
18
nimble-multi  39.826992     0.49011
nimble  39.960522    0.377487
19
nimble-multi  41.295117    0.607658
nimble  41.984851    0.632029
20
nimble-multi  42.443091    0.477539
nimble  50.505092    0.500305
