1
nimble-multi   0.734018    0.037601
nimble   1.195843    0.007473
2
nimble-multi   0.970717    0.020459
nimble   1.136842     0.00753
3
nimble-multi   1.343877    0.027285
nimble   1.697428     0.01178
4
nimble-multi   1.824656    0.163887
nimble   1.823156    0.135485
5
nimble-multi   2.123118    0.042509
nimble   2.435724    0.227808
6
nimble-multi   2.617306    0.047673
nimble   2.923042    0.180971
7
nimble-multi   2.885612    0.030353
nimble   3.334406     0.24361
8
nimble-multi    4.25132    0.225063
nimble   3.357023    0.023299
9
nimble-multi   4.654077     0.14202
nimble    4.36769    0.191513
10
nimble-multi   4.438676    0.208152
nimble   4.138955    0.010544
11
nimble-multi   4.877663    0.175675
nimble   4.551958    0.028357
12
nimble-multi   4.846828    0.151705
nimble   4.978616    0.069419
13
nimble-multi   5.302904    0.196299
nimble   6.150734    0.182646
14
nimble-multi    5.70741    0.151281
nimble   5.751656    0.177431
15
nimble-multi   6.137914     0.20392
nimble   6.163257    0.026668
16
nimble-multi   6.881778    0.200455
nimble   7.732015    0.189404
17
nimble-multi   6.897924    0.197705
nimble   7.464891    0.190591
18
nimble-multi   7.690982    0.233945
nimble   8.636122    0.226839
19
nimble-multi   8.055899    0.184234
nimble   7.734374    0.144824
20
nimble-multi   8.023143    0.050797
nimble    9.31074    0.195698
1
nimble-multi   0.679441    0.038833
2
nimble-multi    0.89973    0.019013
3
nimble-multi   1.284779    0.006179
4
nimble-multi   1.703204    0.026481
5
nimble-multi   2.472306     0.05002
6
nimble-multi   2.877253    0.151635
7
nimble-multi   2.910319     0.16227
8
nimble-multi   3.289852    0.069472
9
nimble-multi   4.216427    0.171888
10
nimble-multi   4.056724    0.056929
11
nimble-multi   4.478046    0.165891
12
nimble-multi   4.866348    0.163895
13
nimble-multi   5.234071    0.136074
14
nimble-multi    5.60498    0.050202
15
nimble-multi   6.015442    0.079104
16
nimble-multi    7.36375    0.178025
17
nimble-multi   7.099012    0.082909
18
nimble-multi    8.17889    0.234451
19
nimble-multi   7.614931    0.212605
20
nimble-multi    8.82266    0.207182
