nimble   1.063811    0.008496
nimble   1.033877    0.007113
nimble   1.413904    0.006675
nimble   1.812438     0.01225
nimble    2.20954     0.01444
nimble    2.61122    0.033253
nimble    3.40965    0.194084
nimble    3.38965    0.163521
nimble   3.758916    0.029726
nimble   4.209297    0.145289
nimble   4.603377    0.201922
nimble   4.941549    0.084429
nimble   5.360053    0.055013
nimble   5.756087    0.188929
nimble   7.426073    0.329503
nimble   7.810308    0.186557
nimble   8.173042    0.158333
nimble   8.595757     0.16016
nimble     8.2573    0.212176
nimble   8.692157    0.266494
