resnet50
         mean (ms)  stdev (ms)
pytorch  36.130004    1.212925
        mean (ms)  stdev (ms)
nimble  29.316647     0.38197
stream_num 2
node_to_chain 107
0 0 0 0 0 0 0 0 0 0 0 0 0 0 0 0 0 0 0 0 0 0 0 0 0 0 0 0 0 0 0 0 0 0 0 0 0 0 0 0 0 0 0 0 0 0 0 0 0 0 0 0 0 0 0 0 0 0 0 0 0 0 0 0 0 0 0 0 0 0 0 0 0 0 0 0 0 0 0 0 0 0 0 0 0 0 0 0 0 0 0 0 0 0 0 0 0 0 0 0 0 0 0 1 2 3 4 
chain_to_stream 5
0 1 1 1 1 
completed insert_autostream_hooks
completed reset_node_id
              mean (ms)  stdev (ms)
nimble-multi  29.349487    0.428168
resnet101
         mean (ms)  stdev (ms)
pytorch   63.16838    1.182141
        mean (ms)  stdev (ms)
nimble   49.74885    0.586846
stream_num 2
node_to_chain 209
0 0 0 0 0 0 0 0 0 0 0 0 0 0 0 0 0 0 0 0 0 0 0 0 0 0 0 0 0 0 0 0 0 0 0 0 0 0 0 0 0 0 0 0 0 0 0 0 0 0 0 0 0 0 0 0 0 0 0 0 0 0 0 0 0 0 0 0 0 0 0 0 0 0 0 0 0 0 0 0 0 0 0 0 0 0 0 0 0 0 0 0 0 0 0 0 0 0 0 0 0 0 0 0 0 0 0 0 0 0 0 0 0 0 0 0 0 0 0 0 0 0 0 0 0 0 0 0 0 0 0 0 0 0 0 0 0 0 0 0 0 0 0 0 0 0 0 0 0 0 0 0 0 0 0 0 0 0 0 0 0 0 0 0 0 0 0 0 0 0 0 0 0 0 0 0 0 0 0 0 0 0 0 0 0 0 0 0 0 0 0 0 0 0 0 0 0 0 0 0 0 0 0 0 0 1 2 3 4 
chain_to_stream 5
0 1 1 1 1 
completed insert_autostream_hooks
completed reset_node_id
              mean (ms)  stdev (ms)
nimble-multi  49.450517     0.48466
inception_v3
         mean (ms)  stdev (ms)
pytorch  51.861268    0.717744
        mean (ms)  stdev (ms)
nimble  54.223027    0.745483
stream_num 6
node_to_chain 177
0 0 0 0 0 0 0 0 0 0 0 0 0 0 0 0 0 0 0 0 0 0 0 0 0 0 0 0 0 0 0 0 0 0 0 0 0 0 0 0 0 1 1 1 1 2 3 3 3 3 3 3 4 5 5 6 6 6 6 7 8 8 8 8 8 8 9 10 10 11 11 11 11 11 11 11 12 13 13 13 13 13 14 14 14 14 14 14 14 14 14 15 15 16 16 16 16 16 17 17 17 17 17 17 17 17 17 18 18 19 19 19 19 19 20 20 20 20 20 20 20 20 20 21 21 22 22 22 22 22 23 23 23 23 23 23 23 23 23 24 24 25 25 25 25 25 26 27 27 27 28 28 28 28 28 29 29 30 30 30 31 31 31 31 31 32 32 33 33 33 34 34 34 34 34 35 35 
chain_to_stream 36
0 1 2 3 4 5 5 4 3 2 1 1 2 2 1 3 3 1 2 2 1 3 3 1 2 2 1 1 2 3 3 2 1 3 4 5 
completed insert_autostream_hooks
completed reset_node_id
              mean (ms)  stdev (ms)
nimble-multi  51.445159    1.013907
mobilenet_v2
         mean (ms)  stdev (ms)
pytorch  22.020484    0.870633
        mean (ms)  stdev (ms)
nimble   8.822161     0.26826
stream_num 1
node_to_chain 109
0 0 0 0 0 0 0 0 0 0 0 0 0 0 0 0 0 0 0 0 0 0 0 0 0 0 0 0 0 0 0 0 0 0 0 0 0 0 0 0 0 0 0 0 0 0 0 0 0 0 0 0 0 0 0 0 0 0 0 0 0 0 0 0 0 0 0 0 0 0 0 0 0 0 0 0 0 0 0 0 0 0 0 0 0 0 0 0 0 0 0 0 0 0 0 0 0 0 0 0 0 0 0 0 0 0 0 0 0 
chain_to_stream 1
0 
completed insert_autostream_hooks
completed reset_node_id
              mean (ms)  stdev (ms)
nimble-multi   8.652017    0.231777
nasnetamobile
          mean (ms)  stdev (ms)
pytorch  133.731265     2.71061
        mean (ms)  stdev (ms)
nimble   20.84869    0.266103
stream_num 11
node_to_chain 719
0 0 0 0 0 0 0 0 0 0 0 0 0 0 0 0 0 0 0 0 0 0 0 0 0 0 0 0 0 0 0 0 0 0 0 0 0 0 0 0 0 0 0 0 0 0 0 0 0 0 0 0 0 0 0 0 0 0 0 0 0 0 0 0 0 0 0 0 0 0 0 0 0 0 0 0 0 0 0 0 0 0 0 0 0 0 0 0 0 0 0 0 0 0 0 0 0 0 0 0 0 0 0 0 0 0 0 0 0 0 0 0 0 0 0 0 0 0 0 0 0 0 0 0 0 0 0 0 0 0 0 0 0 0 0 0 0 0 0 0 0 0 0 0 0 0 0 0 0 0 0 0 0 0 0 0 0 0 0 0 0 0 0 0 0 0 0 0 0 0 0 0 0 0 0 0 0 0 0 0 0 0 0 0 0 0 0 0 0 0 0 0 0 0 0 0 0 0 0 0 0 0 0 0 0 0 0 0 0 0 0 0 0 0 0 0 0 0 0 0 0 0 0 1 1 1 1 1 2 2 2 2 2 2 2 3 3 3 3 3 4 4 4 4 4 5 6 6 6 6 6 7 7 7 7 7 7 7 8 8 8 8 8 9 9 9 9 9 10 11 12 12 12 12 12 13 13 13 13 13 13 13 14 14 14 14 14 15 15 15 15 15 16 17 18 18 18 18 18 19 20 21 22 22 22 22 22 22 22 23 23 23 23 23 23 24 24 24 24 24 24 24 24 24 25 25 25 25 25 26 26 26 26 26 27 28 28 28 28 28 28 28 29 29 29 29 29 30 31 31 31 31 31 31 31 31 31 31 31 31 31 31 32 32 32 32 32 32 32 32 32 32 32 33 33 33 33 33 33 33 33 33 33 33 34 34 34 34 34 35 36 36 36 36 36 36 36 36 37 37 37 37 37 38 38 38 38 38 39 40 40 40 40 40 41 41 41 41 41 41 41 42 42 42 42 42 43 43 43 43 43 44 45 45 45 45 45 45 45 45 46 46 46 46 46 47 47 47 47 47 48 49 49 49 49 49 50 51 52 53 53 53 53 53 53 53 54 54 54 54 54 54 55 55 55 55 55 55 55 55 55 56 56 56 56 56 57 57 57 57 57 58 59 59 59 59 59 59 59 60 60 60 60 60 61 61 61 61 61 61 61 62 62 62 62 62 63 63 63 63 63 64 65 65 65 65 65 65 65 65 65 65 65 65 65 65 66 66 66 66 66 66 66 66 66 66 66 67 67 67 67 67 67 67 67 67 67 67 68 68 68 68 68 69 69 69 69 69 69 69 70 70 70 70 70 71 71 71 71 71 72 73 74 74 74 74 74 75 75 75 75 75 75 75 76 76 76 76 76 77 77 77 77 77 78 79 80 80 80 80 80 81 82 83 84 84 84 84 84 84 84 85 85 85 85 85 85 86 86 86 86 86 86 86 86 86 87 87 87 87 87 88 88 88 88 88 89 90 90 90 90 90 90 90 91 92 93 94 94 94 94 94 95 95 95 95 95 96 96 96 96 96 97 97 97 97 97 97 97 97 97 97 97 97 97 97 97 97 97 98 98 98 98 98 98 98 98 98 98 98 99 99 99 99 99 99 99 99 99 99 99 99 100 100 100 100 100 100 100 
chain_to_stream 101
0 1 2 3 4 5 5 4 3 2 1 6 6 1 5 2 4 3 3 2 4 4 2 3 5 1 6 7 7 7 6 4 8 9 9 8 1 5 3 2 2 3 5 1 8 4 6 7 10 10 7 8 8 7 10 6 4 1 5 5 5 1 4 6 10 8 3 2 2 3 4 8 6 10 10 6 2 8 3 4 4 8 3 3 8 4 2 6 10 1 1 1 10 6 2 4 8 3 5 7 9 
completed insert_autostream_hooks
completed reset_node_id
              mean (ms)  stdev (ms)
nimble-multi  20.485466    0.369833
efficientnet_b0
         mean (ms)  stdev (ms)
pytorch  37.568841    1.173362
        mean (ms)  stdev (ms)
nimble   12.76234    0.210286
stream_num 1
node_to_chain 182
0 0 0 0 0 0 0 0 0 0 0 0 0 0 0 0 0 0 0 0 0 0 0 0 0 0 0 0 0 0 0 0 0 0 0 0 0 0 0 0 0 0 0 0 0 0 0 0 0 0 0 0 0 0 0 0 0 0 0 0 0 0 0 0 0 0 0 0 0 0 0 0 0 0 0 0 0 0 0 0 0 0 0 0 0 0 0 0 0 0 0 0 0 0 0 0 0 0 0 0 0 0 0 0 0 0 0 0 0 0 0 0 0 0 0 0 0 0 0 0 0 0 0 0 0 0 0 0 0 0 0 0 0 0 0 0 0 0 0 0 0 0 0 0 0 0 0 0 0 0 0 0 0 0 0 0 0 0 0 0 0 0 0 0 0 0 0 0 0 0 0 0 0 0 0 0 0 0 0 0 0 0 
chain_to_stream 1
0 
completed insert_autostream_hooks
completed reset_node_id
              mean (ms)  stdev (ms)
nimble-multi  13.353843    0.254068
efficientnet_b5
WARNING:root:Pretrained model URL is invalid, using random initialization.
          mean (ms)  stdev (ms)
pytorch  231.323058    1.109174
WARNING:root:Pretrained model URL is invalid, using random initialization.
         mean (ms)  stdev (ms)
nimble  195.262234    0.884819
WARNING:root:Pretrained model URL is invalid, using random initialization.
stream_num 1
node_to_chain 431
0 0 0 0 0 0 0 0 0 0 0 0 0 0 0 0 0 0 0 0 0 0 0 0 0 0 0 0 0 0 0 0 0 0 0 0 0 0 0 0 0 0 0 0 0 0 0 0 0 0 0 0 0 0 0 0 0 0 0 0 0 0 0 0 0 0 0 0 0 0 0 0 0 0 0 0 0 0 0 0 0 0 0 0 0 0 0 0 0 0 0 0 0 0 0 0 0 0 0 0 0 0 0 0 0 0 0 0 0 0 0 0 0 0 0 0 0 0 0 0 0 0 0 0 0 0 0 0 0 0 0 0 0 0 0 0 0 0 0 0 0 0 0 0 0 0 0 0 0 0 0 0 0 0 0 0 0 0 0 0 0 0 0 0 0 0 0 0 0 0 0 0 0 0 0 0 0 0 0 0 0 0 0 0 0 0 0 0 0 0 0 0 0 0 0 0 0 0 0 0 0 0 0 0 0 0 0 0 0 0 0 0 0 0 0 0 0 0 0 0 0 0 0 0 0 0 0 0 0 0 0 0 0 0 0 0 0 0 0 0 0 0 0 0 0 0 0 0 0 0 0 0 0 0 0 0 0 0 0 0 0 0 0 0 0 0 0 0 0 0 0 0 0 0 0 0 0 0 0 0 0 0 0 0 0 0 0 0 0 0 0 0 0 0 0 0 0 0 0 0 0 0 0 0 0 0 0 0 0 0 0 0 0 0 0 0 0 0 0 0 0 0 0 0 0 0 0 0 0 0 0 0 0 0 0 0 0 0 0 0 0 0 0 0 0 0 0 0 0 0 0 0 0 0 0 0 0 0 0 0 0 0 0 0 0 0 0 0 0 0 0 0 0 0 0 0 0 0 0 0 0 0 0 0 0 0 0 0 0 0 0 0 0 0 0 0 0 0 0 0 0 0 0 0 0 0 0 0 0 0 0 0 0 0 0 0 0 0 0 0 0 0 0 0 0 0 0 0 0 0 0 
chain_to_stream 1
0 
completed insert_autostream_hooks
completed reset_node_id
               mean (ms)  stdev (ms)
nimble-multi  191.754752    0.926816
darts
         mean (ms)  stdev (ms)
pytorch  98.658967    1.611212
        mean (ms)  stdev (ms)
nimble  11.876471     0.27931
stream_num 6
node_to_chain 453
0 0 0 0 0 0 0 0 0 0 0 0 0 0 0 0 0 0 0 0 0 0 0 0 0 0 0 0 0 0 0 0 0 0 0 0 0 0 0 0 0 0 0 0 0 0 0 0 0 0 0 0 0 0 0 0 0 0 0 0 0 0 0 0 0 0 0 0 0 0 0 0 0 0 0 0 0 0 0 0 0 0 0 0 0 0 0 0 0 0 0 0 0 0 0 0 0 0 0 0 0 0 0 0 0 0 0 0 0 0 0 0 0 0 0 0 0 0 0 0 0 0 0 0 0 0 0 0 0 0 0 0 0 0 0 0 0 0 0 0 0 0 0 0 0 0 0 0 0 0 0 0 0 0 0 0 0 0 0 0 0 0 0 0 1 1 1 1 1 2 2 2 2 2 2 2 2 2 2 2 3 3 3 3 3 4 4 4 4 4 5 5 5 5 5 5 5 5 5 5 5 6 6 6 6 6 7 8 8 8 8 8 9 9 9 9 9 9 9 9 9 9 9 10 10 10 10 10 11 12 12 12 12 12 13 13 13 13 13 14 15 15 15 15 15 15 15 15 16 16 16 16 16 17 17 17 17 17 18 18 18 18 18 19 19 19 19 19 19 19 19 19 19 19 20 20 20 20 20 21 21 21 22 22 22 22 22 23 23 23 23 23 23 23 23 23 23 23 24 24 24 24 24 25 26 26 26 26 26 27 27 27 27 27 27 27 27 27 27 27 28 28 28 28 28 29 30 30 30 30 30 31 31 31 31 31 32 33 33 33 33 33 33 33 33 34 34 34 34 34 35 35 35 35 35 36 36 36 36 36 37 37 37 37 37 37 37 37 37 37 37 38 38 38 38 38 39 39 39 40 40 40 40 40 41 41 41 41 41 41 41 41 41 41 41 42 42 42 42 42 43 44 44 44 44 44 45 45 45 45 45 45 45 45 45 45 45 46 46 46 46 46 47 48 48 48 48 48 49 49 49 49 49 50 50 50 50 50 50 50 50 50 51 51 51 51 51 52 52 52 52 52 53 
chain_to_stream 54
0 1 2 3 3 2 1 4 3 4 2 1 1 4 2 3 5 5 5 3 2 4 5 4 3 2 5 2 4 3 3 2 4 5 1 1 1 5 4 2 1 2 5 4 1 4 2 5 5 5 2 4 1 3 
completed insert_autostream_hooks
completed reset_node_id
              mean (ms)  stdev (ms)
nimble-multi  11.226717    0.272723
amoebanet
         mean (ms)  stdev (ms)
pytorch  95.379365    1.938179
        mean (ms)  stdev (ms)
nimble  14.158485    0.255059
stream_num 10
node_to_chain 481
0 0 0 0 0 0 0 0 0 0 0 0 0 0 0 0 0 0 0 0 0 0 0 0 0 0 0 0 0 0 0 0 0 0 0 0 0 0 0 0 0 0 0 0 0 0 0 0 0 0 0 0 0 0 0 0 0 0 0 0 0 0 0 0 0 0 0 0 0 0 0 0 0 0 0 0 0 0 0 0 0 0 0 0 0 0 0 0 0 0 0 0 0 0 0 0 0 0 0 0 0 0 0 0 0 0 0 0 0 0 0 0 0 0 0 0 0 0 0 0 0 0 0 0 0 0 0 0 0 0 0 0 0 0 0 0 0 0 0 0 0 0 0 0 0 0 0 0 0 0 0 1 1 1 1 1 1 1 1 1 2 2 2 2 2 2 2 3 3 3 3 3 4 5 5 5 5 5 5 5 5 5 6 6 6 6 6 6 6 7 7 7 7 7 8 9 10 10 10 10 10 10 10 10 10 11 11 11 11 11 11 11 12 12 12 12 12 13 14 15 15 15 15 15 15 15 15 15 16 17 18 19 19 19 19 19 19 19 20 20 20 21 21 21 21 21 21 22 22 22 22 22 23 23 23 23 23 24 24 24 24 24 24 24 24 24 25 25 25 25 25 25 25 26 26 26 26 26 27 28 28 28 28 28 28 28 29 29 30 31 32 32 32 32 32 32 32 32 32 33 33 33 33 33 33 33 34 34 34 34 34 35 36 37 37 37 37 37 37 37 37 37 38 38 38 38 38 38 38 39 39 39 39 39 40 41 42 42 42 42 42 42 42 42 42 43 44 45 46 46 46 46 46 46 46 47 47 47 48 48 48 48 48 48 49 49 49 49 49 50 50 50 50 50 51 51 51 51 51 51 51 51 51 52 52 52 52 52 52 52 53 53 53 53 53 54 55 55 55 55 55 55 55 56 56 57 58 59 59 59 59 59 59 59 59 59 60 60 60 60 60 60 60 61 61 61 61 61 62 63 64 64 64 64 64 64 64 64 64 65 65 65 65 65 65 65 66 66 66 66 66 67 68 69 69 69 69 69 69 70 70 70 70 70 71 71 71 71 71 72 72 72 72 72 72 72 72 72 73 74 75 
chain_to_stream 76
0 1 2 3 4 4 3 2 1 5 5 4 1 3 2 2 1 3 3 1 4 5 6 6 6 5 4 1 2 7 8 9 9 2 8 7 1 1 9 7 2 8 8 7 2 2 7 9 1 4 4 4 1 9 7 8 5 6 3 3 8 6 5 7 7 3 5 8 6 5 3 7 9 1 4 2 
completed insert_autostream_hooks
completed reset_node_id
              mean (ms)  stdev (ms)
nimble-multi  13.114762    0.297782
linear
         mean (ms)  stdev (ms)
pytorch  68.514389    0.768388
        mean (ms)  stdev (ms)
nimble  68.599696    1.474874
stream_num 1
node_to_chain 14
0 0 0 0 0 0 0 0 0 0 0 0 0 0 
chain_to_stream 1
0 
completed insert_autostream_hooks
completed reset_node_id
              mean (ms)  stdev (ms)
nimble-multi  68.489742    1.220354
branched
          mean (ms)  stdev (ms)
pytorch  153.684767    1.009968
         mean (ms)  stdev (ms)
nimble  152.474087       0.907
stream_num 10
node_to_chain 50
0 0 0 0 0 0 0 0 0 0 0 0 0 0 1 1 1 1 2 2 2 2 3 3 3 3 4 4 4 4 5 5 5 5 6 6 6 6 7 7 7 7 8 8 8 8 9 9 9 9 
chain_to_stream 10
0 1 2 3 4 5 6 7 8 9 
completed insert_autostream_hooks
completed reset_node_id
               mean (ms)  stdev (ms)
nimble-multi  152.433499    1.009904
